<?xml version="1.0" encoding="UTF-8"?>
<testsuite xmlns:xsi="http://www.w3.org/2001/XMLSchema-instance" xsi:noNamespaceSchemaLocation="https://maven.apache.org/surefire/maven-surefire-plugin/xsd/surefire-test-report.xsd" name="com.mycompany.app.AppTest" time="0.01" tests="1" errors="0" skipped="0" failures="0">
  <properties>
    <property name="java.specification.version" value="17"/>
    <property name="sun.jnu.encoding" value="UTF-8"/>
    <property name="java.class.path" value="/home4/ep298479/Documents/S9-UBFC/BDED/TP2/my-app/target/test-classes:/home4/ep298479/Documents/S9-UBFC/BDED/TP2/my-app/target/classes:/home1/ep298479/.m2/repository/junit/junit/4.11/junit-4.11.jar:/home1/ep298479/.m2/repository/org/hamcrest/hamcrest-core/1.3/hamcrest-core-1.3.jar:/home1/ep298479/.m2/repository/org/apache/kafka/kafka-clients/3.0.2/kafka-clients-3.0.2.jar:/home1/ep298479/.m2/repository/com/github/luben/zstd-jni/1.5.0-2/zstd-jni-1.5.0-2.jar:/home1/ep298479/.m2/repository/org/lz4/lz4-java/1.7.1/lz4-java-1.7.1.jar:/home1/ep298479/.m2/repository/org/xerial/snappy/snappy-java/1.1.8.1/snappy-java-1.1.8.1.jar:/home1/ep298479/.m2/repository/org/slf4j/slf4j-api/1.7.30/slf4j-api-1.7.30.jar:"/>
    <property name="java.vm.vendor" value="Debian"/>
    <property name="sun.arch.data.model" value="64"/>
    <property name="java.vendor.url" value="https://tracker.debian.org/openjdk-17"/>
    <property name="os.name" value="Linux"/>
    <property name="java.vm.specification.version" value="17"/>
    <property name="sun.java.launcher" value="SUN_STANDARD"/>
    <property name="user.country" value="FR"/>
    <property name="sun.boot.library.path" value="/usr/lib/jvm/java-17-openjdk-amd64/lib"/>
    <property name="sun.java.command" value="/home4/ep298479/Documents/S9-UBFC/BDED/TP2/my-app/target/surefire/surefirebooter5841434281118961474.jar /home4/ep298479/Documents/S9-UBFC/BDED/TP2/my-app/target/surefire 2023-10-03T09-52-11_110-jvmRun1 surefire4857425261440533806tmp surefire_03201066444827421819tmp"/>
    <property name="jdk.debug" value="release"/>
    <property name="surefire.test.class.path" value="/home4/ep298479/Documents/S9-UBFC/BDED/TP2/my-app/target/test-classes:/home4/ep298479/Documents/S9-UBFC/BDED/TP2/my-app/target/classes:/home1/ep298479/.m2/repository/junit/junit/4.11/junit-4.11.jar:/home1/ep298479/.m2/repository/org/hamcrest/hamcrest-core/1.3/hamcrest-core-1.3.jar:/home1/ep298479/.m2/repository/org/apache/kafka/kafka-clients/3.0.2/kafka-clients-3.0.2.jar:/home1/ep298479/.m2/repository/com/github/luben/zstd-jni/1.5.0-2/zstd-jni-1.5.0-2.jar:/home1/ep298479/.m2/repository/org/lz4/lz4-java/1.7.1/lz4-java-1.7.1.jar:/home1/ep298479/.m2/repository/org/xerial/snappy/snappy-java/1.1.8.1/snappy-java-1.1.8.1.jar:/home1/ep298479/.m2/repository/org/slf4j/slf4j-api/1.7.30/slf4j-api-1.7.30.jar:"/>
    <property name="sun.cpu.endian" value="little"/>
    <property name="user.home" value="/home1/ep298479"/>
    <property name="user.language" value="fr"/>
    <property name="java.specification.vendor" value="Oracle Corporation"/>
    <property name="java.version.date" value="2023-07-18"/>
    <property name="java.home" value="/usr/lib/jvm/java-17-openjdk-amd64"/>
    <property name="file.separator" value="/"/>
    <property name="basedir" value="/home4/ep298479/Documents/S9-UBFC/BDED/TP2/my-app"/>
    <property name="java.vm.compressedOopsMode" value="Zero based"/>
    <property name="line.separator" value="&#10;"/>
    <property name="java.vm.specification.vendor" value="Oracle Corporation"/>
    <property name="java.specification.name" value="Java Platform API Specification"/>
    <property name="surefire.real.class.path" value="/home4/ep298479/Documents/S9-UBFC/BDED/TP2/my-app/target/surefire/surefirebooter5841434281118961474.jar"/>
    <property name="sun.management.compiler" value="HotSpot 64-Bit Tiered Compilers"/>
    <property name="java.runtime.version" value="17.0.8+7-Debian-1deb12u1"/>
    <property name="user.name" value="ep298479"/>
    <property name="path.separator" value=":"/>
    <property name="os.version" value="6.1.0-12-amd64"/>
    <property name="java.runtime.name" value="OpenJDK Runtime Environment"/>
    <property name="file.encoding" value="UTF-8"/>
    <property name="java.vm.name" value="OpenJDK 64-Bit Server VM"/>
    <property name="localRepository" value="/home1/ep298479/.m2/repository"/>
    <property name="java.vendor.url.bug" value="https://bugs.debian.org/openjdk-17"/>
    <property name="java.io.tmpdir" value="/tmp"/>
    <property name="java.version" value="17.0.8"/>
    <property name="user.dir" value="/home4/ep298479/Documents/S9-UBFC/BDED/TP2/my-app"/>
    <property name="os.arch" value="amd64"/>
    <property name="java.vm.specification.name" value="Java Virtual Machine Specification"/>
    <property name="native.encoding" value="UTF-8"/>
    <property name="java.library.path" value="/usr/java/packages/lib:/usr/lib/x86_64-linux-gnu/jni:/lib/x86_64-linux-gnu:/usr/lib/x86_64-linux-gnu:/usr/lib/jni:/lib:/usr/lib"/>
    <property name="java.vm.info" value="mixed mode, sharing"/>
    <property name="java.vendor" value="Debian"/>
    <property name="java.vm.version" value="17.0.8+7-Debian-1deb12u1"/>
    <property name="sun.io.unicode.encoding" value="UnicodeLittle"/>
    <property name="java.class.version" value="61.0"/>
  </properties>
  <testcase name="shouldAnswerWithTrue" classname="com.mycompany.app.AppTest" time="0.001"/>
</testsuite>